2025-04-13 15:35:46,017 - INFO: Connected to server
2025-04-13 15:35:46,069 - INFO: Successful key exchange
2025-04-13 15:35:54,357 - DEBUG: Heartbeat received from server
2025-04-13 15:36:09,319 - DEBUG: Heartbeat received from server
2025-04-13 15:36:16,116 - INFO: Connected to server
2025-04-13 15:36:16,162 - INFO: Successful key exchange
2025-04-13 15:36:20,091 - ERROR: Connection error: [Errno 111] Connection refused
2025-04-13 15:52:02,734 - INFO: Connected to server
2025-04-13 15:52:02,785 - INFO: Successful key exchange
2025-04-13 15:52:16,854 - DEBUG: Heartbeat received from server
2025-04-13 15:52:31,815 - DEBUG: Heartbeat received from server
2025-04-13 15:52:32,840 - INFO: Connected to server
2025-04-13 15:52:32,887 - INFO: Successful key exchange
2025-04-13 15:52:36,914 - ERROR: Connection error: [Errno 111] Connection refused
2025-04-13 16:02:47,336 - INFO: Connected to server
2025-04-13 16:02:47,385 - INFO: Successful key exchange
2025-04-13 16:02:52,757 - DEBUG: Heartbeat received from server
2025-04-13 16:03:07,719 - DEBUG: Heartbeat received from server
2025-04-13 16:03:17,432 - INFO: Connected to server
2025-04-13 16:03:17,480 - INFO: Successful key exchange
2025-04-13 16:03:22,762 - DEBUG: Heartbeat received from server
2025-04-13 16:03:37,724 - DEBUG: Heartbeat received from server
2025-04-13 16:03:47,523 - INFO: Connected to server
2025-04-13 16:03:47,571 - INFO: Successful key exchange
2025-04-13 16:03:52,766 - DEBUG: Heartbeat received from server
2025-04-13 16:04:07,727 - DEBUG: Heartbeat received from server
2025-04-13 16:04:17,615 - INFO: Connected to server
2025-04-13 16:04:17,662 - INFO: Successful key exchange
2025-04-13 16:04:22,769 - DEBUG: Heartbeat received from server
2025-04-13 16:04:22,986 - ERROR: Connection error: [Errno 111] Connection refused
2025-04-13 16:06:27,384 - INFO: Connected to server
2025-04-13 16:06:27,435 - INFO: Successful key exchange
2025-04-13 16:06:28,167 - DEBUG: Heartbeat received from server
2025-04-13 16:06:43,128 - DEBUG: Heartbeat received from server
2025-04-13 16:06:44,215 - ERROR: Connection error: [Errno 111] Connection refused
2025-04-13 16:07:37,506 - INFO: Connected to server
2025-04-13 16:07:37,557 - INFO: Successful key exchange
2025-04-13 16:07:42,643 - DEBUG: Heartbeat received from server
2025-04-13 16:07:57,604 - DEBUG: Heartbeat received from server
2025-04-13 16:08:07,606 - INFO: Connected to server
2025-04-13 16:08:07,650 - INFO: Successful key exchange
2025-04-13 16:08:12,647 - DEBUG: Heartbeat received from server
2025-04-13 16:08:27,608 - DEBUG: Heartbeat received from server
2025-04-13 16:08:37,695 - INFO: Connected to server
2025-04-13 16:08:37,741 - INFO: Successful key exchange
2025-04-13 16:08:42,651 - DEBUG: Heartbeat received from server
2025-04-13 16:08:57,612 - DEBUG: Heartbeat received from server
2025-04-13 16:08:57,923 - ERROR: Connection error: [Errno 111] Connection refused
2025-04-13 16:09:26,506 - INFO: Connected to server
2025-04-13 16:09:26,559 - INFO: Successful key exchange
2025-04-13 16:09:33,278 - DEBUG: Heartbeat received from server
2025-04-13 16:09:48,240 - DEBUG: Heartbeat received from server
2025-04-13 16:09:56,606 - INFO: Connected to server
2025-04-13 16:09:56,653 - INFO: Successful key exchange
2025-04-13 16:10:03,283 - DEBUG: Heartbeat received from server
2025-04-13 16:10:18,244 - DEBUG: Heartbeat received from server
2025-04-13 16:10:26,698 - INFO: Connected to server
2025-04-13 16:10:26,742 - INFO: Successful key exchange
2025-04-13 16:10:33,288 - DEBUG: Heartbeat received from server
2025-04-13 16:10:48,250 - DEBUG: Heartbeat received from server
2025-04-13 16:10:56,787 - INFO: Connected to server
2025-04-13 16:10:56,832 - INFO: Successful key exchange
2025-04-13 16:11:03,292 - DEBUG: Heartbeat received from server
2025-04-13 16:11:18,254 - DEBUG: Heartbeat received from server
2025-04-13 16:11:26,876 - INFO: Connected to server
2025-04-13 16:11:26,920 - INFO: Successful key exchange
2025-04-13 16:11:33,297 - DEBUG: Heartbeat received from server
2025-04-13 16:11:48,258 - DEBUG: Heartbeat received from server
2025-04-13 16:11:56,963 - INFO: Connected to server
2025-04-13 16:11:57,008 - INFO: Successful key exchange
2025-04-13 16:12:03,301 - DEBUG: Heartbeat received from server
2025-04-13 16:12:18,263 - DEBUG: Heartbeat received from server
2025-04-13 16:12:27,051 - INFO: Connected to server
2025-04-13 16:12:27,098 - INFO: Successful key exchange
2025-04-13 16:12:33,306 - DEBUG: Heartbeat received from server
2025-04-13 16:12:48,267 - DEBUG: Heartbeat received from server
2025-04-13 16:12:57,143 - INFO: Connected to server
2025-04-13 16:12:57,187 - INFO: Successful key exchange
2025-04-13 16:13:03,310 - DEBUG: Heartbeat received from server
2025-04-13 16:13:18,271 - DEBUG: Heartbeat received from server
2025-04-13 16:13:27,231 - INFO: Connected to server
2025-04-13 16:13:27,278 - INFO: Successful key exchange
2025-04-13 16:13:33,314 - DEBUG: Heartbeat received from server
2025-04-13 16:13:48,275 - DEBUG: Heartbeat received from server
2025-04-13 16:13:57,322 - INFO: Connected to server
2025-04-13 16:13:57,367 - INFO: Successful key exchange
2025-04-13 16:14:03,319 - DEBUG: Heartbeat received from server
2025-04-13 16:14:18,281 - DEBUG: Heartbeat received from server
2025-04-13 16:14:27,411 - INFO: Connected to server
2025-04-13 16:14:27,455 - INFO: Successful key exchange
2025-04-13 16:14:33,323 - DEBUG: Heartbeat received from server
2025-04-13 16:14:48,285 - DEBUG: Heartbeat received from server
2025-04-13 16:14:57,498 - INFO: Connected to server
2025-04-13 16:14:57,547 - INFO: Successful key exchange
2025-04-13 16:15:03,328 - DEBUG: Heartbeat received from server
2025-04-13 16:15:18,288 - DEBUG: Heartbeat received from server
2025-04-13 16:15:27,590 - INFO: Connected to server
2025-04-13 16:15:27,637 - INFO: Successful key exchange
2025-04-13 16:15:33,331 - DEBUG: Heartbeat received from server
2025-04-13 16:15:48,293 - DEBUG: Heartbeat received from server
2025-04-13 16:15:57,682 - INFO: Connected to server
2025-04-13 16:15:57,729 - INFO: Successful key exchange
2025-04-13 16:16:03,335 - DEBUG: Heartbeat received from server
2025-04-13 16:16:18,297 - DEBUG: Heartbeat received from server
2025-04-13 16:16:27,774 - INFO: Connected to server
2025-04-13 16:16:27,819 - INFO: Successful key exchange
2025-04-13 16:16:33,340 - DEBUG: Heartbeat received from server
2025-04-13 16:16:48,301 - DEBUG: Heartbeat received from server
2025-04-13 16:16:57,863 - INFO: Connected to server
2025-04-13 16:16:57,909 - INFO: Successful key exchange
2025-04-13 16:17:03,343 - DEBUG: Heartbeat received from server
2025-04-13 16:17:18,305 - DEBUG: Heartbeat received from server
2025-04-13 16:17:27,953 - INFO: Connected to server
2025-04-13 16:17:27,998 - INFO: Successful key exchange
2025-04-13 16:17:33,348 - DEBUG: Heartbeat received from server
2025-04-13 16:17:48,310 - DEBUG: Heartbeat received from server
2025-04-13 16:17:58,042 - INFO: Connected to server
2025-04-13 16:17:58,087 - INFO: Successful key exchange
2025-04-13 16:18:03,353 - DEBUG: Heartbeat received from server
2025-04-13 16:18:18,315 - DEBUG: Heartbeat received from server
2025-04-13 16:18:28,131 - INFO: Connected to server
2025-04-13 16:18:28,176 - INFO: Successful key exchange
2025-04-13 16:18:33,359 - DEBUG: Heartbeat received from server
2025-04-13 16:18:48,320 - DEBUG: Heartbeat received from server
2025-04-13 16:18:58,219 - INFO: Connected to server
2025-04-13 16:18:58,264 - INFO: Successful key exchange
2025-04-13 16:19:03,364 - DEBUG: Heartbeat received from server
2025-04-13 16:19:18,325 - DEBUG: Heartbeat received from server
2025-04-13 16:19:28,309 - INFO: Connected to server
2025-04-13 16:19:28,357 - INFO: Successful key exchange
2025-04-13 16:19:33,369 - DEBUG: Heartbeat received from server
2025-04-13 16:19:48,331 - DEBUG: Heartbeat received from server
2025-04-13 16:19:58,401 - INFO: Connected to server
2025-04-13 16:19:58,448 - INFO: Successful key exchange
2025-04-13 16:20:03,374 - DEBUG: Heartbeat received from server
2025-04-13 16:20:18,336 - DEBUG: Heartbeat received from server
2025-04-13 16:20:28,493 - INFO: Connected to server
2025-04-13 16:20:28,538 - INFO: Successful key exchange
2025-04-13 16:20:33,378 - DEBUG: Heartbeat received from server
2025-04-13 16:20:48,339 - DEBUG: Heartbeat received from server
2025-04-13 16:20:58,583 - INFO: Connected to server
2025-04-13 16:20:58,629 - INFO: Successful key exchange
2025-04-13 16:21:03,382 - DEBUG: Heartbeat received from server
2025-04-13 16:21:18,343 - DEBUG: Heartbeat received from server
2025-04-13 16:21:28,674 - INFO: Connected to server
2025-04-13 16:21:28,720 - INFO: Successful key exchange
2025-04-13 16:21:33,385 - DEBUG: Heartbeat received from server
2025-04-13 16:21:48,346 - DEBUG: Heartbeat received from server
2025-04-13 16:21:58,765 - INFO: Connected to server
2025-04-13 16:21:58,814 - INFO: Successful key exchange
2025-04-13 16:22:03,389 - DEBUG: Heartbeat received from server
2025-04-13 16:22:18,350 - DEBUG: Heartbeat received from server
2025-04-13 16:22:28,857 - INFO: Connected to server
2025-04-13 16:22:28,905 - INFO: Successful key exchange
2025-04-13 16:22:33,393 - DEBUG: Heartbeat received from server
2025-04-13 16:22:48,354 - DEBUG: Heartbeat received from server
2025-04-13 16:22:58,949 - INFO: Connected to server
2025-04-13 16:22:58,994 - INFO: Successful key exchange
2025-04-13 16:23:03,396 - DEBUG: Heartbeat received from server
2025-04-13 16:23:18,358 - DEBUG: Heartbeat received from server
2025-04-13 16:23:29,037 - INFO: Connected to server
2025-04-13 16:23:29,084 - INFO: Successful key exchange
2025-04-13 16:23:33,399 - DEBUG: Heartbeat received from server
2025-04-13 16:23:48,360 - DEBUG: Heartbeat received from server
2025-04-13 16:23:59,129 - INFO: Connected to server
2025-04-13 16:23:59,174 - INFO: Successful key exchange
2025-04-13 16:24:03,402 - DEBUG: Heartbeat received from server
2025-04-13 16:24:18,363 - DEBUG: Heartbeat received from server
2025-04-13 16:24:29,218 - INFO: Connected to server
2025-04-13 16:24:29,265 - INFO: Successful key exchange
2025-04-13 16:24:33,405 - DEBUG: Heartbeat received from server
2025-04-13 16:24:48,366 - DEBUG: Heartbeat received from server
2025-04-13 16:24:59,309 - INFO: Connected to server
2025-04-13 16:24:59,358 - INFO: Successful key exchange
2025-04-13 16:25:03,408 - DEBUG: Heartbeat received from server
2025-04-13 16:25:18,369 - DEBUG: Heartbeat received from server
2025-04-13 16:25:29,402 - INFO: Connected to server
2025-04-13 16:25:29,448 - INFO: Successful key exchange
2025-04-13 16:25:33,412 - DEBUG: Heartbeat received from server
2025-04-13 16:25:48,372 - DEBUG: Heartbeat received from server
2025-04-13 16:25:59,492 - INFO: Connected to server
2025-04-13 16:25:59,539 - INFO: Successful key exchange
2025-04-13 16:26:03,415 - DEBUG: Heartbeat received from server
2025-04-13 16:26:18,375 - DEBUG: Heartbeat received from server
2025-04-13 16:26:29,584 - INFO: Connected to server
2025-04-13 16:26:29,631 - INFO: Successful key exchange
2025-04-13 16:26:33,418 - DEBUG: Heartbeat received from server
2025-04-13 16:26:48,378 - DEBUG: Heartbeat received from server
2025-04-13 16:26:59,674 - INFO: Connected to server
2025-04-13 16:26:59,722 - INFO: Successful key exchange
2025-04-13 16:27:03,421 - DEBUG: Heartbeat received from server
2025-04-13 16:27:18,382 - DEBUG: Heartbeat received from server
2025-04-13 16:27:29,766 - INFO: Connected to server
2025-04-13 16:27:29,811 - INFO: Successful key exchange
2025-04-13 16:27:33,424 - DEBUG: Heartbeat received from server
2025-04-13 16:27:48,385 - DEBUG: Heartbeat received from server
2025-04-13 16:27:59,854 - INFO: Connected to server
2025-04-13 16:27:59,901 - INFO: Successful key exchange
2025-04-13 16:28:03,427 - DEBUG: Heartbeat received from server
2025-04-13 16:28:18,388 - DEBUG: Heartbeat received from server
2025-04-13 16:28:29,947 - INFO: Connected to server
2025-04-13 16:28:29,995 - INFO: Successful key exchange
2025-04-13 16:28:33,430 - DEBUG: Heartbeat received from server
2025-04-13 16:28:48,391 - DEBUG: Heartbeat received from server
2025-04-13 16:29:00,039 - INFO: Connected to server
2025-04-13 16:29:00,083 - INFO: Successful key exchange
2025-04-13 16:29:03,434 - DEBUG: Heartbeat received from server
2025-04-13 16:29:18,394 - DEBUG: Heartbeat received from server
2025-04-13 16:29:30,127 - INFO: Connected to server
2025-04-13 16:29:30,175 - INFO: Successful key exchange
2025-04-13 16:29:33,436 - DEBUG: Heartbeat received from server
2025-04-13 16:29:48,397 - DEBUG: Heartbeat received from server
2025-04-13 16:30:00,219 - INFO: Connected to server
2025-04-13 16:30:00,265 - INFO: Successful key exchange
2025-04-13 16:30:03,440 - DEBUG: Heartbeat received from server
2025-04-13 16:30:18,400 - DEBUG: Heartbeat received from server
2025-04-13 16:30:30,311 - INFO: Connected to server
2025-04-13 16:30:30,355 - INFO: Successful key exchange
2025-04-13 16:30:33,443 - DEBUG: Heartbeat received from server
2025-04-13 16:30:48,404 - DEBUG: Heartbeat received from server
2025-04-13 16:31:00,399 - INFO: Connected to server
2025-04-13 16:31:00,443 - INFO: Successful key exchange
2025-04-13 16:31:03,446 - DEBUG: Heartbeat received from server
2025-04-13 16:31:18,407 - DEBUG: Heartbeat received from server
2025-04-13 16:31:30,489 - INFO: Connected to server
2025-04-13 16:31:30,535 - INFO: Successful key exchange
2025-04-13 16:31:33,449 - DEBUG: Heartbeat received from server
2025-04-13 16:31:48,410 - DEBUG: Heartbeat received from server
2025-04-13 16:32:00,580 - INFO: Connected to server
2025-04-13 16:32:00,625 - INFO: Successful key exchange
2025-04-13 16:32:03,452 - DEBUG: Heartbeat received from server
2025-04-13 16:32:18,413 - DEBUG: Heartbeat received from server
2025-04-13 16:32:30,669 - INFO: Connected to server
2025-04-13 16:32:30,716 - INFO: Successful key exchange
2025-04-13 16:32:33,456 - DEBUG: Heartbeat received from server
2025-04-13 16:32:48,418 - DEBUG: Heartbeat received from server
2025-04-13 16:33:00,761 - INFO: Connected to server
2025-04-13 16:33:00,807 - INFO: Successful key exchange
2025-04-13 16:33:03,460 - DEBUG: Heartbeat received from server
2025-04-13 16:33:18,422 - DEBUG: Heartbeat received from server
2025-04-13 16:33:30,850 - INFO: Connected to server
2025-04-13 16:33:30,895 - INFO: Successful key exchange
2025-04-13 16:33:33,464 - DEBUG: Heartbeat received from server
2025-04-13 16:33:48,425 - DEBUG: Heartbeat received from server
2025-04-13 16:34:00,939 - INFO: Connected to server
2025-04-13 16:34:00,987 - INFO: Successful key exchange
2025-04-13 16:34:03,467 - DEBUG: Heartbeat received from server
2025-04-13 16:34:18,428 - DEBUG: Heartbeat received from server
2025-04-13 16:34:31,031 - INFO: Connected to server
2025-04-13 16:34:31,078 - INFO: Successful key exchange
2025-04-13 16:34:33,470 - DEBUG: Heartbeat received from server
2025-04-13 16:34:48,431 - DEBUG: Heartbeat received from server
2025-04-13 16:35:01,122 - INFO: Connected to server
2025-04-13 16:35:01,167 - INFO: Successful key exchange
2025-04-13 16:35:03,474 - DEBUG: Heartbeat received from server
2025-04-13 16:35:18,436 - DEBUG: Heartbeat received from server
2025-04-13 16:35:31,210 - INFO: Connected to server
2025-04-13 16:35:31,255 - INFO: Successful key exchange
2025-04-13 16:35:33,478 - DEBUG: Heartbeat received from server
2025-04-13 16:35:48,439 - DEBUG: Heartbeat received from server
2025-04-13 16:36:01,299 - INFO: Connected to server
2025-04-13 16:36:01,344 - INFO: Successful key exchange
2025-04-13 16:36:03,482 - DEBUG: Heartbeat received from server
2025-04-13 16:36:18,444 - DEBUG: Heartbeat received from server
2025-04-13 16:36:31,388 - INFO: Connected to server
2025-04-13 16:36:31,435 - INFO: Successful key exchange
2025-04-13 16:36:33,487 - DEBUG: Heartbeat received from server
2025-04-13 16:36:48,448 - DEBUG: Heartbeat received from server
2025-04-13 16:37:01,479 - INFO: Connected to server
2025-04-13 16:37:01,525 - INFO: Successful key exchange
2025-04-13 16:37:03,491 - DEBUG: Heartbeat received from server
2025-04-13 16:37:18,453 - DEBUG: Heartbeat received from server
2025-04-13 16:37:31,569 - INFO: Connected to server
2025-04-13 16:37:31,614 - INFO: Successful key exchange
2025-04-13 16:37:33,496 - DEBUG: Heartbeat received from server
2025-04-13 16:37:48,458 - DEBUG: Heartbeat received from server
2025-04-13 16:38:01,658 - INFO: Connected to server
2025-04-13 16:38:01,706 - INFO: Successful key exchange
2025-04-13 16:38:03,502 - DEBUG: Heartbeat received from server
2025-04-13 16:38:18,464 - DEBUG: Heartbeat received from server
2025-04-13 16:38:31,750 - INFO: Connected to server
2025-04-13 16:38:31,795 - INFO: Successful key exchange
2025-04-13 16:38:33,507 - DEBUG: Heartbeat received from server
2025-04-13 16:38:48,469 - DEBUG: Heartbeat received from server
2025-04-13 16:39:01,839 - INFO: Connected to server
2025-04-13 16:39:01,840 - ERROR: Connection error: Unable to load PEM file. See https://cryptography.io/en/latest/faq/#why-can-t-i-import-my-pem-file for more details. MalformedFraming
2025-04-13 17:05:29,303 - INFO: Connected to server
2025-04-13 17:05:29,354 - INFO: Successful key exchange
2025-04-13 17:05:32,592 - DEBUG: Heartbeat received from server
2025-04-13 17:05:47,553 - DEBUG: Heartbeat received from server
2025-04-13 17:05:59,401 - INFO: Connected to server
2025-04-13 17:05:59,447 - INFO: Successful key exchange
2025-04-13 17:06:02,597 - DEBUG: Heartbeat received from server
2025-04-13 17:06:17,558 - DEBUG: Heartbeat received from server
2025-04-13 17:06:20,559 - WARNING: Unknown command type: cmd
2025-04-13 17:06:29,491 - INFO: Connected to server
2025-04-13 17:06:29,538 - INFO: Successful key exchange
2025-04-13 17:06:32,602 - DEBUG: Heartbeat received from server
2025-04-13 17:06:47,563 - DEBUG: Heartbeat received from server
2025-04-13 17:06:47,564 - WARNING: Unknown command type: cmd
2025-04-13 17:06:59,583 - INFO: Connected to server
2025-04-13 17:06:59,627 - INFO: Successful key exchange
2025-04-13 17:07:02,607 - DEBUG: Heartbeat received from server
2025-04-13 17:07:03,871 - ERROR: Connection error: [Errno 111] Connection refused
2025-04-13 17:09:51,491 - INFO: Connected to server
2025-04-13 17:09:51,543 - INFO: Successful key exchange
2025-04-13 17:10:01,535 - DEBUG: Heartbeat received from server
2025-04-13 17:10:16,497 - DEBUG: Heartbeat received from server
2025-04-13 17:10:21,591 - INFO: Connected to server
2025-04-13 17:10:21,637 - INFO: Successful key exchange
2025-04-13 17:10:31,540 - DEBUG: Heartbeat received from server
2025-04-13 17:10:46,501 - DEBUG: Heartbeat received from server
2025-04-13 17:10:51,682 - INFO: Connected to server
2025-04-13 17:10:51,727 - INFO: Successful key exchange
2025-04-13 17:11:01,545 - DEBUG: Heartbeat received from server
2025-04-13 17:11:16,506 - DEBUG: Heartbeat received from server
2025-04-13 17:11:21,771 - INFO: Connected to server
2025-04-13 17:11:21,815 - INFO: Successful key exchange
2025-04-13 17:11:31,549 - DEBUG: Heartbeat received from server
2025-04-13 17:11:33,942 - ERROR: Connection error: [Errno 111] Connection refused
2025-04-13 17:13:16,548 - INFO: Connected to server
2025-04-13 17:13:16,597 - INFO: Successful key exchange
2025-04-13 17:13:28,690 - DEBUG: Heartbeat received from server
2025-04-13 17:13:43,651 - DEBUG: Heartbeat received from server
2025-04-13 17:13:58,653 - DEBUG: Heartbeat received from server
2025-04-13 17:14:13,655 - DEBUG: Heartbeat received from server
2025-04-13 17:14:28,657 - DEBUG: Heartbeat received from server
2025-04-13 17:14:43,658 - DEBUG: Heartbeat received from server
2025-04-13 17:14:58,661 - DEBUG: Heartbeat received from server
2025-04-13 17:15:13,663 - DEBUG: Heartbeat received from server
2025-04-13 17:15:28,665 - DEBUG: Heartbeat received from server
2025-04-13 17:15:43,667 - DEBUG: Heartbeat received from server
2025-04-13 17:15:58,670 - DEBUG: Heartbeat received from server
2025-04-13 17:16:13,672 - DEBUG: Heartbeat received from server
2025-04-13 17:16:28,675 - DEBUG: Heartbeat received from server
2025-04-13 17:16:43,677 - DEBUG: Heartbeat received from server
2025-04-13 17:16:58,679 - DEBUG: Heartbeat received from server
2025-04-13 17:17:13,681 - DEBUG: Heartbeat received from server
2025-04-13 17:17:28,683 - DEBUG: Heartbeat received from server
2025-04-13 17:17:43,685 - DEBUG: Heartbeat received from server
2025-04-13 17:17:58,691 - DEBUG: Heartbeat received from server
2025-04-13 17:18:13,693 - DEBUG: Heartbeat received from server
2025-04-13 17:18:28,696 - DEBUG: Heartbeat received from server
2025-04-13 17:18:43,698 - DEBUG: Heartbeat received from server
2025-04-13 17:18:58,700 - DEBUG: Heartbeat received from server
2025-04-13 17:19:13,702 - DEBUG: Heartbeat received from server
2025-04-13 17:19:28,706 - DEBUG: Heartbeat received from server
2025-04-13 17:19:30,569 - INFO: Connected to server
2025-04-13 17:19:30,620 - INFO: Successful key exchange
2025-04-13 17:19:43,709 - DEBUG: Heartbeat received from server
2025-04-13 17:19:43,750 - DEBUG: Heartbeat received from server
2025-04-13 17:19:58,712 - DEBUG: Heartbeat received from server
2025-04-13 17:19:58,712 - DEBUG: Heartbeat received from server
2025-04-13 17:20:13,714 - DEBUG: Heartbeat received from server
2025-04-13 17:20:13,715 - DEBUG: Heartbeat received from server
2025-04-13 17:20:28,717 - DEBUG: Heartbeat received from server
2025-04-13 17:20:28,717 - DEBUG: Heartbeat received from server
2025-04-13 17:20:43,720 - DEBUG: Heartbeat received from server
2025-04-13 17:20:43,720 - DEBUG: Heartbeat received from server
2025-04-13 17:20:58,722 - DEBUG: Heartbeat received from server
2025-04-13 17:20:58,723 - DEBUG: Heartbeat received from server
2025-04-13 17:21:13,726 - DEBUG: Heartbeat received from server
2025-04-13 17:21:13,727 - DEBUG: Heartbeat received from server
2025-04-13 17:21:28,729 - DEBUG: Heartbeat received from server
2025-04-13 17:21:28,730 - DEBUG: Heartbeat received from server
2025-04-13 17:21:43,731 - DEBUG: Heartbeat received from server
2025-04-13 17:21:43,732 - DEBUG: Heartbeat received from server
2025-04-13 17:21:58,734 - DEBUG: Heartbeat received from server
2025-04-13 17:21:58,735 - DEBUG: Heartbeat received from server
2025-04-13 17:22:13,737 - DEBUG: Heartbeat received from server
2025-04-13 17:22:13,738 - DEBUG: Heartbeat received from server
2025-04-13 17:22:28,739 - DEBUG: Heartbeat received from server
2025-04-13 17:22:28,740 - DEBUG: Heartbeat received from server
2025-04-13 17:22:43,742 - DEBUG: Heartbeat received from server
2025-04-13 17:22:43,742 - DEBUG: Heartbeat received from server
2025-04-13 17:22:58,744 - DEBUG: Heartbeat received from server
2025-04-13 17:22:58,745 - DEBUG: Heartbeat received from server
2025-04-13 17:23:13,747 - DEBUG: Heartbeat received from server
2025-04-13 17:23:13,747 - DEBUG: Heartbeat received from server
2025-04-13 17:23:28,749 - DEBUG: Heartbeat received from server
2025-04-13 17:23:28,749 - DEBUG: Heartbeat received from server
2025-04-13 17:23:43,752 - DEBUG: Heartbeat received from server
2025-04-13 17:23:43,753 - DEBUG: Heartbeat received from server
2025-04-13 17:23:58,755 - DEBUG: Heartbeat received from server
2025-04-13 17:23:58,755 - DEBUG: Heartbeat received from server
2025-04-13 17:24:13,757 - DEBUG: Heartbeat received from server
2025-04-13 17:24:13,758 - DEBUG: Heartbeat received from server
2025-04-13 17:24:28,760 - DEBUG: Heartbeat received from server
2025-04-13 17:24:28,761 - DEBUG: Heartbeat received from server
2025-04-13 17:24:43,763 - DEBUG: Heartbeat received from server
2025-04-13 17:24:43,764 - DEBUG: Heartbeat received from server
2025-04-13 17:24:58,765 - DEBUG: Heartbeat received from server
2025-04-13 17:24:58,766 - DEBUG: Heartbeat received from server
2025-04-13 17:25:13,768 - DEBUG: Heartbeat received from server
2025-04-13 17:25:13,769 - DEBUG: Heartbeat received from server
2025-04-13 17:25:28,771 - DEBUG: Heartbeat received from server
2025-04-13 17:25:28,772 - DEBUG: Heartbeat received from server
2025-04-13 17:25:43,774 - DEBUG: Heartbeat received from server
2025-04-13 17:25:43,774 - DEBUG: Heartbeat received from server
2025-04-13 17:25:58,777 - DEBUG: Heartbeat received from server
2025-04-13 17:25:58,777 - DEBUG: Heartbeat received from server
2025-04-13 17:26:13,779 - DEBUG: Heartbeat received from server
2025-04-13 17:26:13,780 - DEBUG: Heartbeat received from server
2025-04-13 17:26:28,782 - DEBUG: Heartbeat received from server
2025-04-13 17:26:28,783 - DEBUG: Heartbeat received from server
2025-04-13 17:26:43,785 - DEBUG: Heartbeat received from server
2025-04-13 17:26:43,785 - DEBUG: Heartbeat received from server
2025-04-13 17:26:58,787 - DEBUG: Heartbeat received from server
2025-04-13 17:26:58,787 - DEBUG: Heartbeat received from server
2025-04-13 17:27:13,790 - DEBUG: Heartbeat received from server
2025-04-13 17:27:13,790 - DEBUG: Heartbeat received from server
2025-04-13 17:27:28,793 - DEBUG: Heartbeat received from server
2025-04-13 17:27:28,793 - DEBUG: Heartbeat received from server
2025-04-13 17:27:43,796 - DEBUG: Heartbeat received from server
2025-04-13 17:27:43,796 - DEBUG: Heartbeat received from server
2025-04-13 17:27:58,798 - DEBUG: Heartbeat received from server
2025-04-13 17:27:58,799 - DEBUG: Heartbeat received from server
2025-04-13 17:28:13,801 - DEBUG: Heartbeat received from server
2025-04-13 17:28:13,802 - DEBUG: Heartbeat received from server
2025-04-13 17:28:28,805 - DEBUG: Heartbeat received from server
2025-04-13 17:28:28,805 - DEBUG: Heartbeat received from server
2025-04-13 17:28:43,807 - DEBUG: Heartbeat received from server
2025-04-13 17:28:43,807 - DEBUG: Heartbeat received from server
2025-04-13 17:28:58,810 - DEBUG: Heartbeat received from server
2025-04-13 17:28:58,810 - DEBUG: Heartbeat received from server
2025-04-13 17:29:13,812 - DEBUG: Heartbeat received from server
2025-04-13 17:29:13,812 - DEBUG: Heartbeat received from server
2025-04-13 17:29:28,814 - DEBUG: Heartbeat received from server
2025-04-13 17:29:28,814 - DEBUG: Heartbeat received from server
2025-04-13 17:29:43,817 - DEBUG: Heartbeat received from server
2025-04-13 17:29:43,817 - DEBUG: Heartbeat received from server
2025-04-13 17:29:58,820 - DEBUG: Heartbeat received from server
2025-04-13 17:29:58,821 - DEBUG: Heartbeat received from server
2025-04-13 17:30:13,822 - DEBUG: Heartbeat received from server
2025-04-13 17:30:13,823 - DEBUG: Heartbeat received from server
2025-04-13 17:30:28,825 - DEBUG: Heartbeat received from server
2025-04-13 17:30:28,825 - DEBUG: Heartbeat received from server
2025-04-13 17:30:43,828 - DEBUG: Heartbeat received from server
2025-04-13 17:30:43,828 - DEBUG: Heartbeat received from server
2025-04-13 17:30:58,830 - DEBUG: Heartbeat received from server
2025-04-13 17:30:58,831 - DEBUG: Heartbeat received from server
2025-04-13 17:31:13,833 - DEBUG: Heartbeat received from server
2025-04-13 17:31:13,833 - DEBUG: Heartbeat received from server
2025-04-13 17:31:28,836 - DEBUG: Heartbeat received from server
2025-04-13 17:31:28,837 - DEBUG: Heartbeat received from server
2025-04-13 17:31:43,838 - DEBUG: Heartbeat received from server
2025-04-13 17:31:43,839 - DEBUG: Heartbeat received from server
2025-04-13 17:31:58,841 - DEBUG: Heartbeat received from server
2025-04-13 17:31:58,841 - DEBUG: Heartbeat received from server
2025-04-13 17:32:13,843 - DEBUG: Heartbeat received from server
2025-04-13 17:32:13,843 - DEBUG: Heartbeat received from server
2025-04-13 17:32:28,846 - DEBUG: Heartbeat received from server
2025-04-13 17:32:28,846 - DEBUG: Heartbeat received from server
2025-04-13 17:32:43,848 - DEBUG: Heartbeat received from server
2025-04-13 17:32:43,849 - DEBUG: Heartbeat received from server
2025-04-13 17:32:58,851 - DEBUG: Heartbeat received from server
2025-04-13 17:32:58,851 - DEBUG: Heartbeat received from server
2025-04-13 17:33:13,854 - DEBUG: Heartbeat received from server
2025-04-13 17:33:13,854 - DEBUG: Heartbeat received from server
2025-04-13 17:33:28,856 - DEBUG: Heartbeat received from server
2025-04-13 17:33:28,856 - DEBUG: Heartbeat received from server
2025-04-13 17:33:43,859 - DEBUG: Heartbeat received from server
2025-04-13 17:33:43,859 - DEBUG: Heartbeat received from server
2025-04-13 17:33:58,862 - DEBUG: Heartbeat received from server
2025-04-13 17:33:58,862 - DEBUG: Heartbeat received from server
2025-04-13 17:34:13,864 - DEBUG: Heartbeat received from server
2025-04-13 17:34:13,864 - DEBUG: Heartbeat received from server
2025-04-13 17:34:28,866 - DEBUG: Heartbeat received from server
2025-04-13 17:34:28,866 - DEBUG: Heartbeat received from server
2025-04-13 17:34:43,868 - DEBUG: Heartbeat received from server
2025-04-13 17:34:43,869 - DEBUG: Heartbeat received from server
2025-04-13 17:34:58,870 - DEBUG: Heartbeat received from server
2025-04-13 17:34:58,871 - DEBUG: Heartbeat received from server
2025-04-13 17:35:13,872 - DEBUG: Heartbeat received from server
2025-04-13 17:35:13,873 - DEBUG: Heartbeat received from server
2025-04-13 17:35:28,875 - DEBUG: Heartbeat received from server
2025-04-13 17:35:28,875 - DEBUG: Heartbeat received from server
2025-04-13 17:35:43,877 - DEBUG: Heartbeat received from server
2025-04-13 17:35:43,877 - DEBUG: Heartbeat received from server
2025-04-13 17:35:58,879 - DEBUG: Heartbeat received from server
2025-04-13 17:35:58,880 - DEBUG: Heartbeat received from server
2025-04-13 17:36:13,882 - DEBUG: Heartbeat received from server
2025-04-13 17:36:13,882 - DEBUG: Heartbeat received from server
2025-04-13 17:36:28,883 - DEBUG: Heartbeat received from server
2025-04-13 17:36:28,884 - DEBUG: Heartbeat received from server
2025-04-13 17:36:43,886 - DEBUG: Heartbeat received from server
2025-04-13 17:36:43,886 - DEBUG: Heartbeat received from server
2025-04-13 17:36:58,889 - DEBUG: Heartbeat received from server
2025-04-13 17:36:58,889 - DEBUG: Heartbeat received from server
2025-04-13 17:37:13,892 - DEBUG: Heartbeat received from server
2025-04-13 17:37:13,892 - DEBUG: Heartbeat received from server
2025-04-13 17:37:28,894 - DEBUG: Heartbeat received from server
2025-04-13 17:37:28,894 - DEBUG: Heartbeat received from server
2025-04-13 17:37:43,896 - DEBUG: Heartbeat received from server
2025-04-13 17:37:43,897 - DEBUG: Heartbeat received from server
2025-04-13 17:37:58,899 - DEBUG: Heartbeat received from server
2025-04-13 17:37:58,899 - DEBUG: Heartbeat received from server
2025-04-13 17:38:13,901 - DEBUG: Heartbeat received from server
2025-04-13 17:38:13,901 - DEBUG: Heartbeat received from server
2025-04-13 17:38:28,903 - DEBUG: Heartbeat received from server
2025-04-13 17:38:28,903 - DEBUG: Heartbeat received from server
2025-04-13 17:38:43,905 - DEBUG: Heartbeat received from server
2025-04-13 17:38:43,905 - DEBUG: Heartbeat received from server
2025-04-13 17:38:58,907 - DEBUG: Heartbeat received from server
2025-04-13 17:38:58,908 - DEBUG: Heartbeat received from server
2025-04-13 17:39:13,910 - DEBUG: Heartbeat received from server
2025-04-13 17:39:13,910 - DEBUG: Heartbeat received from server
2025-04-13 17:39:28,912 - DEBUG: Heartbeat received from server
2025-04-13 17:39:28,912 - DEBUG: Heartbeat received from server
2025-04-13 17:39:43,915 - DEBUG: Heartbeat received from server
2025-04-13 17:39:43,915 - DEBUG: Heartbeat received from server
2025-04-13 17:39:58,917 - DEBUG: Heartbeat received from server
2025-04-13 17:39:58,917 - DEBUG: Heartbeat received from server
2025-04-13 17:40:13,919 - DEBUG: Heartbeat received from server
2025-04-13 17:40:13,919 - DEBUG: Heartbeat received from server
2025-04-13 17:40:28,921 - DEBUG: Heartbeat received from server
2025-04-13 17:40:28,921 - DEBUG: Heartbeat received from server
2025-04-13 17:40:43,923 - DEBUG: Heartbeat received from server
2025-04-13 17:40:43,924 - DEBUG: Heartbeat received from server
2025-04-13 17:40:58,925 - DEBUG: Heartbeat received from server
2025-04-13 17:40:58,926 - DEBUG: Heartbeat received from server
2025-04-13 17:41:13,927 - DEBUG: Heartbeat received from server
2025-04-13 17:41:13,928 - DEBUG: Heartbeat received from server
2025-04-13 17:41:28,929 - DEBUG: Heartbeat received from server
2025-04-13 17:41:28,930 - DEBUG: Heartbeat received from server
2025-04-13 17:41:43,931 - DEBUG: Heartbeat received from server
2025-04-13 17:41:43,931 - DEBUG: Heartbeat received from server
2025-04-13 17:41:58,933 - DEBUG: Heartbeat received from server
2025-04-13 17:41:58,933 - DEBUG: Heartbeat received from server
2025-04-13 17:42:13,935 - DEBUG: Heartbeat received from server
2025-04-13 17:42:13,935 - DEBUG: Heartbeat received from server
2025-04-13 17:42:28,937 - DEBUG: Heartbeat received from server
2025-04-13 17:42:28,938 - DEBUG: Heartbeat received from server
2025-04-13 17:42:43,939 - DEBUG: Heartbeat received from server
2025-04-13 17:42:43,940 - DEBUG: Heartbeat received from server
2025-04-13 17:42:58,941 - DEBUG: Heartbeat received from server
2025-04-13 17:42:58,942 - DEBUG: Heartbeat received from server
2025-04-13 17:43:13,943 - DEBUG: Heartbeat received from server
2025-04-13 17:43:13,944 - DEBUG: Heartbeat received from server
2025-04-13 17:43:28,945 - DEBUG: Heartbeat received from server
2025-04-13 17:43:28,945 - DEBUG: Heartbeat received from server
2025-04-13 17:43:43,947 - DEBUG: Heartbeat received from server
2025-04-13 17:43:43,947 - DEBUG: Heartbeat received from server
2025-04-13 17:43:58,948 - DEBUG: Heartbeat received from server
2025-04-13 17:43:58,949 - DEBUG: Heartbeat received from server
2025-04-13 17:44:13,950 - DEBUG: Heartbeat received from server
2025-04-13 17:44:13,951 - DEBUG: Heartbeat received from server
2025-04-13 17:44:28,952 - DEBUG: Heartbeat received from server
2025-04-13 17:44:28,952 - DEBUG: Heartbeat received from server
2025-04-13 17:44:43,954 - DEBUG: Heartbeat received from server
2025-04-13 17:44:43,955 - DEBUG: Heartbeat received from server
2025-04-13 17:44:58,958 - DEBUG: Heartbeat received from server
2025-04-13 17:44:58,958 - DEBUG: Heartbeat received from server
2025-04-13 17:45:13,960 - DEBUG: Heartbeat received from server
2025-04-13 17:45:13,960 - DEBUG: Heartbeat received from server
2025-04-13 17:45:28,962 - DEBUG: Heartbeat received from server
2025-04-13 17:45:28,962 - DEBUG: Heartbeat received from server
2025-04-13 17:45:43,964 - DEBUG: Heartbeat received from server
2025-04-13 17:45:43,964 - DEBUG: Heartbeat received from server
2025-04-13 17:45:58,966 - DEBUG: Heartbeat received from server
2025-04-13 17:45:58,966 - DEBUG: Heartbeat received from server
2025-04-13 17:46:13,968 - DEBUG: Heartbeat received from server
2025-04-13 17:46:13,969 - DEBUG: Heartbeat received from server
2025-04-13 17:46:28,971 - DEBUG: Heartbeat received from server
2025-04-13 17:46:28,971 - DEBUG: Heartbeat received from server
2025-04-13 17:46:43,973 - DEBUG: Heartbeat received from server
2025-04-13 17:46:43,974 - DEBUG: Heartbeat received from server
2025-04-13 17:46:58,976 - DEBUG: Heartbeat received from server
2025-04-13 17:46:58,976 - DEBUG: Heartbeat received from server
2025-04-13 17:47:13,979 - DEBUG: Heartbeat received from server
2025-04-13 17:47:13,979 - DEBUG: Heartbeat received from server
2025-04-13 17:47:28,981 - DEBUG: Heartbeat received from server
2025-04-13 17:47:28,981 - DEBUG: Heartbeat received from server
2025-04-13 17:47:43,984 - DEBUG: Heartbeat received from server
2025-04-13 17:47:43,984 - DEBUG: Heartbeat received from server
2025-04-13 17:47:58,986 - DEBUG: Heartbeat received from server
2025-04-13 17:47:58,986 - DEBUG: Heartbeat received from server
2025-04-13 17:48:13,988 - DEBUG: Heartbeat received from server
2025-04-13 17:48:13,988 - DEBUG: Heartbeat received from server
2025-04-13 17:48:28,990 - DEBUG: Heartbeat received from server
2025-04-13 17:48:28,990 - DEBUG: Heartbeat received from server
2025-04-13 17:48:43,993 - DEBUG: Heartbeat received from server
2025-04-13 17:48:43,993 - DEBUG: Heartbeat received from server
2025-04-13 17:48:58,995 - DEBUG: Heartbeat received from server
2025-04-13 17:48:58,996 - DEBUG: Heartbeat received from server
2025-04-13 17:49:13,998 - DEBUG: Heartbeat received from server
2025-04-13 17:49:13,998 - DEBUG: Heartbeat received from server
2025-04-13 17:49:29,001 - DEBUG: Heartbeat received from server
2025-04-13 17:49:29,001 - DEBUG: Heartbeat received from server
2025-04-13 17:49:44,003 - DEBUG: Heartbeat received from server
2025-04-13 17:49:44,003 - DEBUG: Heartbeat received from server
2025-04-13 17:49:59,006 - DEBUG: Heartbeat received from server
2025-04-13 17:49:59,006 - DEBUG: Heartbeat received from server
2025-04-13 17:50:14,008 - DEBUG: Heartbeat received from server
2025-04-13 17:50:14,008 - DEBUG: Heartbeat received from server
2025-04-13 17:50:29,011 - DEBUG: Heartbeat received from server
2025-04-13 17:50:29,011 - DEBUG: Heartbeat received from server
2025-04-13 17:50:44,012 - DEBUG: Heartbeat received from server
2025-04-13 17:50:44,013 - DEBUG: Heartbeat received from server
2025-04-13 17:50:59,014 - DEBUG: Heartbeat received from server
2025-04-13 17:50:59,014 - DEBUG: Heartbeat received from server
2025-04-13 17:51:14,017 - DEBUG: Heartbeat received from server
2025-04-13 17:51:14,017 - DEBUG: Heartbeat received from server
2025-04-13 17:51:29,019 - DEBUG: Heartbeat received from server
2025-04-13 17:51:29,019 - DEBUG: Heartbeat received from server
2025-04-13 17:51:44,021 - DEBUG: Heartbeat received from server
2025-04-13 17:51:44,021 - DEBUG: Heartbeat received from server
2025-04-13 17:51:59,023 - DEBUG: Heartbeat received from server
2025-04-13 17:51:59,023 - DEBUG: Heartbeat received from server
2025-04-13 17:52:14,025 - DEBUG: Heartbeat received from server
2025-04-13 17:52:14,026 - DEBUG: Heartbeat received from server
2025-04-13 17:52:29,028 - DEBUG: Heartbeat received from server
2025-04-13 17:52:29,029 - DEBUG: Heartbeat received from server
2025-04-13 17:52:44,031 - DEBUG: Heartbeat received from server
2025-04-13 17:52:44,031 - DEBUG: Heartbeat received from server
2025-04-13 17:52:59,033 - DEBUG: Heartbeat received from server
2025-04-13 17:52:59,034 - DEBUG: Heartbeat received from server
2025-04-13 17:53:14,035 - DEBUG: Heartbeat received from server
2025-04-13 17:53:14,035 - DEBUG: Heartbeat received from server
2025-04-13 17:53:29,037 - DEBUG: Heartbeat received from server
2025-04-13 17:53:29,037 - DEBUG: Heartbeat received from server
2025-04-13 17:53:44,039 - DEBUG: Heartbeat received from server
2025-04-13 17:53:44,040 - DEBUG: Heartbeat received from server
2025-04-13 17:53:59,042 - DEBUG: Heartbeat received from server
2025-04-13 17:53:59,043 - DEBUG: Heartbeat received from server
2025-04-13 17:54:14,044 - DEBUG: Heartbeat received from server
2025-04-13 17:54:14,044 - DEBUG: Heartbeat received from server
2025-04-13 17:54:29,046 - DEBUG: Heartbeat received from server
2025-04-13 17:54:29,046 - DEBUG: Heartbeat received from server
2025-04-13 17:54:44,048 - DEBUG: Heartbeat received from server
2025-04-13 17:54:44,048 - DEBUG: Heartbeat received from server
2025-04-13 17:54:59,049 - DEBUG: Heartbeat received from server
2025-04-13 17:54:59,050 - DEBUG: Heartbeat received from server
2025-04-13 17:55:14,052 - DEBUG: Heartbeat received from server
2025-04-13 17:55:14,052 - DEBUG: Heartbeat received from server
2025-04-13 17:55:29,054 - DEBUG: Heartbeat received from server
2025-04-13 17:55:29,054 - DEBUG: Heartbeat received from server
2025-04-13 17:55:44,055 - DEBUG: Heartbeat received from server
2025-04-13 17:55:44,055 - DEBUG: Heartbeat received from server
2025-04-13 17:55:59,057 - DEBUG: Heartbeat received from server
2025-04-13 17:55:59,057 - DEBUG: Heartbeat received from server
2025-04-13 17:56:14,059 - DEBUG: Heartbeat received from server
2025-04-13 17:56:14,059 - DEBUG: Heartbeat received from server
2025-04-13 17:56:29,062 - DEBUG: Heartbeat received from server
2025-04-13 17:56:29,062 - DEBUG: Heartbeat received from server
2025-04-13 17:56:44,064 - DEBUG: Heartbeat received from server
2025-04-13 17:56:44,064 - DEBUG: Heartbeat received from server
2025-04-13 17:56:59,066 - DEBUG: Heartbeat received from server
2025-04-13 17:56:59,067 - DEBUG: Heartbeat received from server
2025-04-13 17:57:14,069 - DEBUG: Heartbeat received from server
2025-04-13 17:57:14,069 - DEBUG: Heartbeat received from server
2025-04-13 17:57:29,071 - DEBUG: Heartbeat received from server
2025-04-13 17:57:29,071 - DEBUG: Heartbeat received from server
2025-04-13 17:57:44,073 - DEBUG: Heartbeat received from server
2025-04-13 17:57:44,073 - DEBUG: Heartbeat received from server
2025-04-13 17:57:59,075 - DEBUG: Heartbeat received from server
2025-04-13 17:57:59,076 - DEBUG: Heartbeat received from server
2025-04-13 17:58:14,078 - DEBUG: Heartbeat received from server
2025-04-13 17:58:14,078 - DEBUG: Heartbeat received from server
2025-04-13 17:58:29,081 - DEBUG: Heartbeat received from server
2025-04-13 17:58:29,081 - DEBUG: Heartbeat received from server
2025-04-13 17:58:44,083 - DEBUG: Heartbeat received from server
2025-04-13 17:58:44,083 - DEBUG: Heartbeat received from server
2025-04-13 17:58:59,085 - DEBUG: Heartbeat received from server
2025-04-13 17:58:59,085 - DEBUG: Heartbeat received from server
2025-04-13 17:59:14,088 - DEBUG: Heartbeat received from server
2025-04-13 17:59:14,088 - DEBUG: Heartbeat received from server
2025-04-13 17:59:29,090 - DEBUG: Heartbeat received from server
2025-04-13 17:59:29,091 - DEBUG: Heartbeat received from server
2025-04-13 17:59:44,093 - DEBUG: Heartbeat received from server
2025-04-13 17:59:44,094 - DEBUG: Heartbeat received from server
2025-04-13 17:59:59,096 - DEBUG: Heartbeat received from server
2025-04-13 17:59:59,096 - DEBUG: Heartbeat received from server
2025-04-13 18:00:14,098 - DEBUG: Heartbeat received from server
2025-04-13 18:00:14,099 - DEBUG: Heartbeat received from server
2025-04-13 18:00:29,100 - DEBUG: Heartbeat received from server
2025-04-13 18:00:29,101 - DEBUG: Heartbeat received from server
2025-04-13 18:00:44,103 - DEBUG: Heartbeat received from server
2025-04-13 18:00:44,104 - DEBUG: Heartbeat received from server
2025-04-13 18:00:59,106 - DEBUG: Heartbeat received from server
2025-04-13 18:00:59,107 - DEBUG: Heartbeat received from server
2025-04-13 18:01:14,109 - DEBUG: Heartbeat received from server
2025-04-13 18:01:14,110 - DEBUG: Heartbeat received from server
2025-04-13 18:01:29,112 - DEBUG: Heartbeat received from server
2025-04-13 18:01:29,113 - DEBUG: Heartbeat received from server
2025-04-13 18:01:44,116 - DEBUG: Heartbeat received from server
2025-04-13 18:01:44,116 - DEBUG: Heartbeat received from server
2025-04-13 18:01:59,118 - DEBUG: Heartbeat received from server
2025-04-13 18:01:59,118 - DEBUG: Heartbeat received from server
2025-04-13 18:02:14,120 - DEBUG: Heartbeat received from server
2025-04-13 18:02:14,121 - DEBUG: Heartbeat received from server
2025-04-13 18:02:29,123 - DEBUG: Heartbeat received from server
2025-04-13 18:02:29,124 - DEBUG: Heartbeat received from server
2025-04-13 18:02:44,126 - DEBUG: Heartbeat received from server
2025-04-13 18:02:44,127 - DEBUG: Heartbeat received from server
2025-04-13 18:02:59,129 - DEBUG: Heartbeat received from server
2025-04-13 18:02:59,129 - DEBUG: Heartbeat received from server
2025-04-13 18:03:14,131 - DEBUG: Heartbeat received from server
2025-04-13 18:03:14,132 - DEBUG: Heartbeat received from server
2025-04-13 18:03:29,135 - DEBUG: Heartbeat received from server
2025-04-13 18:03:29,135 - DEBUG: Heartbeat received from server
2025-04-13 18:03:44,138 - DEBUG: Heartbeat received from server
2025-04-13 18:03:44,138 - DEBUG: Heartbeat received from server
2025-04-13 18:03:59,140 - DEBUG: Heartbeat received from server
2025-04-13 18:03:59,141 - DEBUG: Heartbeat received from server
2025-04-13 18:04:14,143 - DEBUG: Heartbeat received from server
2025-04-13 18:04:14,144 - DEBUG: Heartbeat received from server
2025-04-13 18:04:29,146 - DEBUG: Heartbeat received from server
2025-04-13 18:04:29,146 - DEBUG: Heartbeat received from server
2025-04-13 18:04:44,148 - DEBUG: Heartbeat received from server
2025-04-13 18:04:44,149 - DEBUG: Heartbeat received from server
2025-04-13 18:04:59,151 - DEBUG: Heartbeat received from server
2025-04-13 18:04:59,152 - DEBUG: Heartbeat received from server
2025-04-13 18:05:14,154 - DEBUG: Heartbeat received from server
2025-04-13 18:05:14,154 - DEBUG: Heartbeat received from server
2025-04-13 18:05:29,156 - DEBUG: Heartbeat received from server
2025-04-13 18:05:29,156 - DEBUG: Heartbeat received from server
2025-04-13 18:05:44,158 - DEBUG: Heartbeat received from server
2025-04-13 18:05:44,158 - DEBUG: Heartbeat received from server
2025-04-13 18:05:59,160 - DEBUG: Heartbeat received from server
2025-04-13 18:05:59,160 - DEBUG: Heartbeat received from server
2025-04-13 18:06:14,163 - DEBUG: Heartbeat received from server
2025-04-13 18:06:14,163 - DEBUG: Heartbeat received from server
2025-04-13 18:06:29,165 - DEBUG: Heartbeat received from server
2025-04-13 18:06:29,165 - DEBUG: Heartbeat received from server
2025-04-13 18:06:44,166 - DEBUG: Heartbeat received from server
2025-04-13 18:06:44,167 - DEBUG: Heartbeat received from server
2025-04-13 18:06:59,169 - DEBUG: Heartbeat received from server
2025-04-13 18:06:59,169 - DEBUG: Heartbeat received from server
2025-04-13 18:07:14,172 - DEBUG: Heartbeat received from server
2025-04-13 18:07:14,172 - DEBUG: Heartbeat received from server
2025-04-13 18:07:29,174 - DEBUG: Heartbeat received from server
2025-04-13 18:07:29,174 - DEBUG: Heartbeat received from server
2025-04-13 18:07:44,177 - DEBUG: Heartbeat received from server
2025-04-13 18:07:44,177 - DEBUG: Heartbeat received from server
2025-04-13 18:07:59,180 - DEBUG: Heartbeat received from server
2025-04-13 18:07:59,180 - DEBUG: Heartbeat received from server
2025-04-13 18:08:14,183 - DEBUG: Heartbeat received from server
2025-04-13 18:08:14,184 - DEBUG: Heartbeat received from server
2025-04-13 18:08:29,186 - DEBUG: Heartbeat received from server
2025-04-13 18:08:29,186 - DEBUG: Heartbeat received from server
2025-04-13 18:08:44,189 - DEBUG: Heartbeat received from server
2025-04-13 18:08:44,189 - DEBUG: Heartbeat received from server
2025-04-13 18:08:59,191 - DEBUG: Heartbeat received from server
2025-04-13 18:08:59,192 - DEBUG: Heartbeat received from server
2025-04-13 18:09:14,194 - DEBUG: Heartbeat received from server
2025-04-13 18:09:14,194 - DEBUG: Heartbeat received from server
2025-04-13 18:09:29,197 - DEBUG: Heartbeat received from server
2025-04-13 18:09:29,198 - DEBUG: Heartbeat received from server
2025-04-13 18:09:44,200 - DEBUG: Heartbeat received from server
2025-04-13 18:09:44,201 - DEBUG: Heartbeat received from server
2025-04-13 18:09:59,204 - DEBUG: Heartbeat received from server
2025-04-13 18:09:59,204 - DEBUG: Heartbeat received from server
2025-04-13 18:10:14,207 - DEBUG: Heartbeat received from server
2025-04-13 18:10:14,207 - DEBUG: Heartbeat received from server
2025-04-13 18:10:29,210 - DEBUG: Heartbeat received from server
2025-04-13 18:10:29,210 - DEBUG: Heartbeat received from server
2025-04-13 18:10:44,212 - DEBUG: Heartbeat received from server
2025-04-13 18:10:44,213 - DEBUG: Heartbeat received from server
2025-04-13 18:10:59,215 - DEBUG: Heartbeat received from server
2025-04-13 18:10:59,215 - DEBUG: Heartbeat received from server
2025-04-13 18:11:14,218 - DEBUG: Heartbeat received from server
2025-04-13 18:11:14,218 - DEBUG: Heartbeat received from server
2025-04-13 18:11:29,221 - DEBUG: Heartbeat received from server
2025-04-13 18:11:29,221 - DEBUG: Heartbeat received from server
2025-04-13 18:11:44,223 - DEBUG: Heartbeat received from server
2025-04-13 18:11:44,223 - DEBUG: Heartbeat received from server
2025-04-13 18:11:59,226 - DEBUG: Heartbeat received from server
2025-04-13 18:11:59,226 - DEBUG: Heartbeat received from server
2025-04-13 18:12:14,228 - DEBUG: Heartbeat received from server
2025-04-13 18:12:14,229 - DEBUG: Heartbeat received from server
2025-04-13 18:12:29,231 - DEBUG: Heartbeat received from server
2025-04-13 18:12:29,231 - DEBUG: Heartbeat received from server
2025-04-13 18:12:44,234 - DEBUG: Heartbeat received from server
2025-04-13 18:12:44,234 - DEBUG: Heartbeat received from server
2025-04-13 18:12:59,237 - DEBUG: Heartbeat received from server
2025-04-13 18:12:59,237 - DEBUG: Heartbeat received from server
2025-04-13 18:13:14,239 - DEBUG: Heartbeat received from server
2025-04-13 18:13:14,239 - DEBUG: Heartbeat received from server
2025-04-13 18:13:29,242 - DEBUG: Heartbeat received from server
2025-04-13 18:13:29,242 - DEBUG: Heartbeat received from server
2025-04-13 18:13:44,244 - DEBUG: Heartbeat received from server
2025-04-13 18:13:44,244 - DEBUG: Heartbeat received from server
2025-04-13 18:13:59,246 - DEBUG: Heartbeat received from server
2025-04-13 18:13:59,247 - DEBUG: Heartbeat received from server
2025-04-13 18:14:14,249 - DEBUG: Heartbeat received from server
2025-04-13 18:14:14,250 - DEBUG: Heartbeat received from server
2025-04-13 18:14:29,252 - DEBUG: Heartbeat received from server
2025-04-13 18:14:29,252 - DEBUG: Heartbeat received from server
2025-04-13 18:14:44,254 - DEBUG: Heartbeat received from server
2025-04-13 18:14:44,255 - DEBUG: Heartbeat received from server
2025-04-13 18:14:59,257 - DEBUG: Heartbeat received from server
2025-04-13 18:14:59,257 - DEBUG: Heartbeat received from server
2025-04-13 18:15:14,260 - DEBUG: Heartbeat received from server
2025-04-13 18:15:14,260 - DEBUG: Heartbeat received from server
2025-04-13 18:15:29,262 - DEBUG: Heartbeat received from server
2025-04-13 18:15:29,263 - DEBUG: Heartbeat received from server
2025-04-13 18:15:44,265 - DEBUG: Heartbeat received from server
2025-04-13 18:15:44,265 - DEBUG: Heartbeat received from server
2025-04-13 18:15:59,268 - DEBUG: Heartbeat received from server
2025-04-13 18:15:59,268 - DEBUG: Heartbeat received from server
2025-04-13 18:16:14,270 - DEBUG: Heartbeat received from server
2025-04-13 18:16:14,270 - DEBUG: Heartbeat received from server
2025-04-13 18:16:29,273 - DEBUG: Heartbeat received from server
2025-04-13 18:16:29,273 - DEBUG: Heartbeat received from server
2025-04-13 18:16:44,275 - DEBUG: Heartbeat received from server
2025-04-13 18:16:44,275 - DEBUG: Heartbeat received from server
2025-04-13 18:16:59,277 - DEBUG: Heartbeat received from server
2025-04-13 18:16:59,278 - DEBUG: Heartbeat received from server
2025-04-13 18:17:14,280 - DEBUG: Heartbeat received from server
2025-04-13 18:17:14,280 - DEBUG: Heartbeat received from server
2025-04-13 18:17:29,283 - DEBUG: Heartbeat received from server
2025-04-13 18:17:29,283 - DEBUG: Heartbeat received from server
2025-04-13 18:17:44,285 - DEBUG: Heartbeat received from server
2025-04-13 18:17:44,285 - DEBUG: Heartbeat received from server
2025-04-13 18:17:59,288 - DEBUG: Heartbeat received from server
2025-04-13 18:17:59,288 - DEBUG: Heartbeat received from server
2025-04-13 18:18:14,291 - DEBUG: Heartbeat received from server
2025-04-13 18:18:14,291 - DEBUG: Heartbeat received from server
2025-04-13 18:18:29,293 - DEBUG: Heartbeat received from server
2025-04-13 18:18:29,293 - DEBUG: Heartbeat received from server
2025-04-13 18:18:44,294 - DEBUG: Heartbeat received from server
2025-04-13 18:18:44,295 - DEBUG: Heartbeat received from server
2025-04-13 18:18:59,296 - DEBUG: Heartbeat received from server
2025-04-13 18:18:59,297 - DEBUG: Heartbeat received from server
2025-04-13 18:19:14,299 - DEBUG: Heartbeat received from server
2025-04-13 18:19:14,299 - DEBUG: Heartbeat received from server
2025-04-13 18:19:29,301 - DEBUG: Heartbeat received from server
2025-04-13 18:19:29,302 - DEBUG: Heartbeat received from server
2025-04-13 18:19:44,304 - DEBUG: Heartbeat received from server
2025-04-13 18:19:44,304 - DEBUG: Heartbeat received from server
2025-04-13 18:19:59,307 - DEBUG: Heartbeat received from server
2025-04-13 18:19:59,307 - DEBUG: Heartbeat received from server
2025-04-13 18:20:14,309 - DEBUG: Heartbeat received from server
2025-04-13 18:20:14,310 - DEBUG: Heartbeat received from server
2025-04-13 18:20:29,312 - DEBUG: Heartbeat received from server
2025-04-13 18:20:29,313 - DEBUG: Heartbeat received from server
2025-04-13 18:20:44,315 - DEBUG: Heartbeat received from server
2025-04-13 18:20:44,316 - DEBUG: Heartbeat received from server
2025-04-13 18:20:59,318 - DEBUG: Heartbeat received from server
2025-04-13 18:20:59,319 - DEBUG: Heartbeat received from server
2025-04-13 18:21:14,321 - DEBUG: Heartbeat received from server
2025-04-13 18:21:14,321 - DEBUG: Heartbeat received from server
2025-04-13 18:21:29,324 - DEBUG: Heartbeat received from server
2025-04-13 18:21:29,324 - DEBUG: Heartbeat received from server
2025-04-13 18:21:44,327 - DEBUG: Heartbeat received from server
2025-04-13 18:21:44,327 - DEBUG: Heartbeat received from server
2025-04-13 18:21:59,330 - DEBUG: Heartbeat received from server
2025-04-13 18:21:59,330 - DEBUG: Heartbeat received from server
2025-04-13 18:22:14,333 - DEBUG: Heartbeat received from server
2025-04-13 18:22:14,333 - DEBUG: Heartbeat received from server
2025-04-13 18:22:29,336 - DEBUG: Heartbeat received from server
2025-04-13 18:22:29,336 - DEBUG: Heartbeat received from server
2025-04-13 18:22:44,338 - DEBUG: Heartbeat received from server
2025-04-13 18:22:44,338 - DEBUG: Heartbeat received from server
2025-04-13 18:22:59,340 - DEBUG: Heartbeat received from server
2025-04-13 18:22:59,340 - DEBUG: Heartbeat received from server
2025-04-13 18:23:14,342 - DEBUG: Heartbeat received from server
2025-04-13 18:23:14,343 - DEBUG: Heartbeat received from server
2025-04-13 18:23:29,345 - DEBUG: Heartbeat received from server
2025-04-13 18:23:29,345 - DEBUG: Heartbeat received from server
2025-04-13 18:23:44,348 - DEBUG: Heartbeat received from server
2025-04-13 18:23:44,348 - DEBUG: Heartbeat received from server
2025-04-13 18:23:59,351 - DEBUG: Heartbeat received from server
2025-04-13 18:23:59,351 - DEBUG: Heartbeat received from server
2025-04-13 18:24:14,353 - DEBUG: Heartbeat received from server
2025-04-13 18:24:14,354 - DEBUG: Heartbeat received from server
2025-04-13 18:24:29,356 - DEBUG: Heartbeat received from server
2025-04-13 18:24:29,356 - DEBUG: Heartbeat received from server
2025-04-13 18:24:44,358 - DEBUG: Heartbeat received from server
2025-04-13 18:24:44,359 - DEBUG: Heartbeat received from server
2025-04-13 18:24:59,361 - DEBUG: Heartbeat received from server
2025-04-13 18:24:59,362 - DEBUG: Heartbeat received from server
2025-04-13 18:25:14,365 - DEBUG: Heartbeat received from server
2025-04-13 18:25:14,366 - DEBUG: Heartbeat received from server
2025-04-13 18:25:29,367 - DEBUG: Heartbeat received from server
2025-04-13 18:25:29,368 - DEBUG: Heartbeat received from server
2025-04-13 18:25:44,370 - DEBUG: Heartbeat received from server
2025-04-13 18:25:44,371 - DEBUG: Heartbeat received from server
2025-04-13 18:25:59,373 - DEBUG: Heartbeat received from server
2025-04-13 18:25:59,373 - DEBUG: Heartbeat received from server
2025-04-13 18:26:14,376 - DEBUG: Heartbeat received from server
2025-04-13 18:26:14,376 - DEBUG: Heartbeat received from server
2025-04-13 18:26:29,379 - DEBUG: Heartbeat received from server
2025-04-13 18:26:29,379 - DEBUG: Heartbeat received from server
2025-04-13 18:26:44,382 - DEBUG: Heartbeat received from server
2025-04-13 18:26:44,382 - DEBUG: Heartbeat received from server
2025-04-13 18:26:59,385 - DEBUG: Heartbeat received from server
2025-04-13 18:26:59,385 - DEBUG: Heartbeat received from server
2025-04-13 18:27:14,387 - DEBUG: Heartbeat received from server
2025-04-13 18:27:14,388 - DEBUG: Heartbeat received from server
2025-04-13 18:27:29,390 - DEBUG: Heartbeat received from server
2025-04-13 18:27:29,391 - DEBUG: Heartbeat received from server
2025-04-13 18:27:44,393 - DEBUG: Heartbeat received from server
2025-04-13 18:27:44,393 - DEBUG: Heartbeat received from server
2025-04-13 18:27:59,396 - DEBUG: Heartbeat received from server
2025-04-13 18:27:59,396 - DEBUG: Heartbeat received from server
2025-04-13 18:28:14,398 - DEBUG: Heartbeat received from server
2025-04-13 18:28:14,399 - DEBUG: Heartbeat received from server
2025-04-13 18:28:29,401 - DEBUG: Heartbeat received from server
2025-04-13 18:28:29,402 - DEBUG: Heartbeat received from server
2025-04-13 18:28:44,404 - DEBUG: Heartbeat received from server
2025-04-13 18:28:44,404 - DEBUG: Heartbeat received from server
2025-04-13 18:28:59,406 - DEBUG: Heartbeat received from server
2025-04-13 18:28:59,407 - DEBUG: Heartbeat received from server
2025-04-13 18:29:14,409 - DEBUG: Heartbeat received from server
2025-04-13 18:29:14,409 - DEBUG: Heartbeat received from server
2025-04-13 18:29:29,411 - DEBUG: Heartbeat received from server
2025-04-13 18:29:29,411 - DEBUG: Heartbeat received from server
2025-04-13 18:29:44,414 - DEBUG: Heartbeat received from server
2025-04-13 18:29:44,414 - DEBUG: Heartbeat received from server
2025-04-13 18:29:59,416 - DEBUG: Heartbeat received from server
2025-04-13 18:29:59,416 - DEBUG: Heartbeat received from server
2025-04-13 18:30:14,419 - DEBUG: Heartbeat received from server
2025-04-13 18:30:14,419 - DEBUG: Heartbeat received from server
2025-04-13 18:30:29,422 - DEBUG: Heartbeat received from server
2025-04-13 18:30:29,422 - DEBUG: Heartbeat received from server
2025-04-13 18:30:44,424 - DEBUG: Heartbeat received from server
2025-04-13 18:30:44,425 - DEBUG: Heartbeat received from server
2025-04-13 18:30:59,427 - DEBUG: Heartbeat received from server
2025-04-13 18:30:59,427 - DEBUG: Heartbeat received from server
2025-04-13 18:31:14,429 - DEBUG: Heartbeat received from server
2025-04-13 18:31:14,430 - DEBUG: Heartbeat received from server
2025-04-13 18:31:29,432 - DEBUG: Heartbeat received from server
2025-04-13 18:31:29,433 - DEBUG: Heartbeat received from server
2025-04-13 18:31:44,435 - DEBUG: Heartbeat received from server
2025-04-13 18:31:44,436 - DEBUG: Heartbeat received from server
2025-04-13 18:31:59,438 - DEBUG: Heartbeat received from server
2025-04-13 18:31:59,438 - DEBUG: Heartbeat received from server
2025-04-13 18:32:14,441 - DEBUG: Heartbeat received from server
2025-04-13 18:32:14,441 - DEBUG: Heartbeat received from server
2025-04-13 18:32:29,443 - DEBUG: Heartbeat received from server
2025-04-13 18:32:29,444 - DEBUG: Heartbeat received from server
2025-04-13 18:32:44,445 - DEBUG: Heartbeat received from server
2025-04-13 18:32:44,445 - DEBUG: Heartbeat received from server
2025-04-13 18:32:59,448 - DEBUG: Heartbeat received from server
2025-04-13 18:32:59,448 - DEBUG: Heartbeat received from server
2025-04-13 18:33:14,451 - DEBUG: Heartbeat received from server
2025-04-13 18:33:14,452 - DEBUG: Heartbeat received from server
2025-04-13 18:33:29,454 - DEBUG: Heartbeat received from server
2025-04-13 18:33:29,454 - DEBUG: Heartbeat received from server
2025-04-13 18:33:44,456 - DEBUG: Heartbeat received from server
2025-04-13 18:33:44,457 - DEBUG: Heartbeat received from server
2025-04-13 18:33:59,459 - DEBUG: Heartbeat received from server
2025-04-13 18:33:59,460 - DEBUG: Heartbeat received from server
2025-04-13 18:34:14,462 - DEBUG: Heartbeat received from server
2025-04-13 18:34:14,463 - DEBUG: Heartbeat received from server
2025-04-13 18:34:29,465 - DEBUG: Heartbeat received from server
2025-04-13 18:34:29,466 - DEBUG: Heartbeat received from server
2025-04-13 18:34:44,468 - DEBUG: Heartbeat received from server
2025-04-13 18:34:44,468 - DEBUG: Heartbeat received from server
2025-04-13 18:34:59,470 - DEBUG: Heartbeat received from server
2025-04-13 18:34:59,471 - DEBUG: Heartbeat received from server
2025-04-13 18:35:14,473 - DEBUG: Heartbeat received from server
2025-04-13 18:35:14,474 - DEBUG: Heartbeat received from server
2025-04-13 18:35:29,476 - DEBUG: Heartbeat received from server
2025-04-13 18:35:29,477 - DEBUG: Heartbeat received from server
2025-04-13 18:35:44,478 - DEBUG: Heartbeat received from server
2025-04-13 18:35:44,479 - DEBUG: Heartbeat received from server
2025-04-13 18:35:59,481 - DEBUG: Heartbeat received from server
2025-04-13 18:35:59,482 - DEBUG: Heartbeat received from server
2025-04-13 18:36:14,484 - DEBUG: Heartbeat received from server
2025-04-13 18:36:14,485 - DEBUG: Heartbeat received from server
2025-04-13 18:36:29,487 - DEBUG: Heartbeat received from server
2025-04-13 18:36:29,487 - DEBUG: Heartbeat received from server
2025-04-13 18:36:44,489 - DEBUG: Heartbeat received from server
2025-04-13 18:36:44,489 - DEBUG: Heartbeat received from server
2025-04-13 18:36:59,492 - DEBUG: Heartbeat received from server
2025-04-13 18:36:59,492 - DEBUG: Heartbeat received from server
2025-04-13 18:37:14,494 - DEBUG: Heartbeat received from server
2025-04-13 18:37:14,494 - DEBUG: Heartbeat received from server
2025-04-13 18:37:29,496 - DEBUG: Heartbeat received from server
2025-04-13 18:37:29,497 - DEBUG: Heartbeat received from server
2025-04-13 18:37:44,499 - DEBUG: Heartbeat received from server
2025-04-13 18:37:44,500 - DEBUG: Heartbeat received from server
2025-04-13 18:37:59,502 - DEBUG: Heartbeat received from server
2025-04-13 18:37:59,503 - DEBUG: Heartbeat received from server
2025-04-13 18:38:14,505 - DEBUG: Heartbeat received from server
2025-04-13 18:38:14,506 - DEBUG: Heartbeat received from server
2025-04-13 18:38:29,508 - DEBUG: Heartbeat received from server
2025-04-13 18:38:29,508 - DEBUG: Heartbeat received from server
2025-04-13 18:38:44,511 - DEBUG: Heartbeat received from server
2025-04-13 18:38:44,511 - DEBUG: Heartbeat received from server
2025-04-13 18:38:59,513 - DEBUG: Heartbeat received from server
2025-04-13 18:38:59,514 - DEBUG: Heartbeat received from server
2025-04-13 18:39:14,516 - DEBUG: Heartbeat received from server
2025-04-13 18:39:14,516 - DEBUG: Heartbeat received from server
2025-04-13 18:39:29,519 - DEBUG: Heartbeat received from server
2025-04-13 18:39:29,519 - DEBUG: Heartbeat received from server
2025-04-13 18:39:44,521 - DEBUG: Heartbeat received from server
2025-04-13 18:39:44,522 - DEBUG: Heartbeat received from server
2025-04-13 18:39:59,525 - DEBUG: Heartbeat received from server
2025-04-13 18:39:59,525 - DEBUG: Heartbeat received from server
2025-04-13 18:40:14,528 - DEBUG: Heartbeat received from server
2025-04-13 18:40:14,528 - DEBUG: Heartbeat received from server
2025-04-13 18:40:29,530 - DEBUG: Heartbeat received from server
2025-04-13 18:40:29,531 - DEBUG: Heartbeat received from server
2025-04-13 18:40:44,533 - DEBUG: Heartbeat received from server
2025-04-13 18:40:44,533 - DEBUG: Heartbeat received from server
2025-04-13 18:40:59,535 - DEBUG: Heartbeat received from server
2025-04-13 18:40:59,536 - DEBUG: Heartbeat received from server
2025-04-13 18:41:14,538 - DEBUG: Heartbeat received from server
2025-04-13 18:41:14,538 - DEBUG: Heartbeat received from server
2025-04-13 18:41:29,541 - DEBUG: Heartbeat received from server
2025-04-13 18:41:29,541 - DEBUG: Heartbeat received from server
2025-04-13 18:41:44,543 - DEBUG: Heartbeat received from server
2025-04-13 18:41:44,543 - DEBUG: Heartbeat received from server
2025-04-13 18:41:59,545 - DEBUG: Heartbeat received from server
2025-04-13 18:41:59,546 - DEBUG: Heartbeat received from server
2025-04-13 18:42:14,548 - DEBUG: Heartbeat received from server
2025-04-13 18:42:14,549 - DEBUG: Heartbeat received from server
2025-04-13 18:42:29,551 - DEBUG: Heartbeat received from server
2025-04-13 18:42:29,552 - DEBUG: Heartbeat received from server
2025-04-13 18:42:44,554 - DEBUG: Heartbeat received from server
2025-04-13 18:42:44,554 - DEBUG: Heartbeat received from server
2025-04-13 18:42:59,556 - DEBUG: Heartbeat received from server
2025-04-13 18:42:59,556 - DEBUG: Heartbeat received from server
2025-04-13 18:43:14,558 - DEBUG: Heartbeat received from server
2025-04-13 18:43:14,559 - DEBUG: Heartbeat received from server
2025-04-13 18:43:29,561 - DEBUG: Heartbeat received from server
2025-04-13 18:43:29,562 - DEBUG: Heartbeat received from server
2025-04-13 18:43:44,564 - DEBUG: Heartbeat received from server
2025-04-13 18:43:44,565 - DEBUG: Heartbeat received from server
2025-04-13 18:43:59,567 - DEBUG: Heartbeat received from server
2025-04-13 18:43:59,567 - DEBUG: Heartbeat received from server
2025-04-13 18:44:14,570 - DEBUG: Heartbeat received from server
2025-04-13 18:44:14,570 - DEBUG: Heartbeat received from server
2025-04-13 18:44:29,573 - DEBUG: Heartbeat received from server
2025-04-13 18:44:29,573 - DEBUG: Heartbeat received from server
2025-04-13 18:44:44,576 - DEBUG: Heartbeat received from server
2025-04-13 18:44:44,576 - DEBUG: Heartbeat received from server
2025-04-13 18:44:59,579 - DEBUG: Heartbeat received from server
2025-04-13 18:44:59,580 - DEBUG: Heartbeat received from server
2025-04-13 18:45:14,581 - DEBUG: Heartbeat received from server
2025-04-13 18:45:14,582 - DEBUG: Heartbeat received from server
2025-04-13 18:45:29,585 - DEBUG: Heartbeat received from server
2025-04-13 18:45:29,585 - DEBUG: Heartbeat received from server
2025-04-13 18:45:44,588 - DEBUG: Heartbeat received from server
2025-04-13 18:45:44,588 - DEBUG: Heartbeat received from server
2025-04-13 18:45:59,590 - DEBUG: Heartbeat received from server
2025-04-13 18:45:59,590 - DEBUG: Heartbeat received from server
2025-04-13 18:46:14,593 - DEBUG: Heartbeat received from server
2025-04-13 18:46:14,594 - DEBUG: Heartbeat received from server
2025-04-13 18:46:29,596 - DEBUG: Heartbeat received from server
2025-04-13 18:46:29,596 - DEBUG: Heartbeat received from server
2025-04-13 18:46:44,598 - DEBUG: Heartbeat received from server
2025-04-13 18:46:44,599 - DEBUG: Heartbeat received from server
2025-04-13 18:46:59,601 - DEBUG: Heartbeat received from server
2025-04-13 18:46:59,601 - DEBUG: Heartbeat received from server
2025-04-13 18:47:14,604 - DEBUG: Heartbeat received from server
2025-04-13 18:47:14,604 - DEBUG: Heartbeat received from server
2025-04-13 18:47:29,607 - DEBUG: Heartbeat received from server
2025-04-13 18:47:29,607 - DEBUG: Heartbeat received from server
2025-04-13 18:47:44,609 - DEBUG: Heartbeat received from server
2025-04-13 18:47:44,609 - DEBUG: Heartbeat received from server
2025-04-13 18:47:59,611 - DEBUG: Heartbeat received from server
2025-04-13 18:47:59,612 - DEBUG: Heartbeat received from server
2025-04-13 18:48:14,615 - DEBUG: Heartbeat received from server
2025-04-13 18:48:14,615 - DEBUG: Heartbeat received from server
2025-04-13 18:48:29,618 - DEBUG: Heartbeat received from server
2025-04-13 18:48:29,618 - DEBUG: Heartbeat received from server
2025-04-13 18:48:44,621 - DEBUG: Heartbeat received from server
2025-04-13 18:48:44,621 - DEBUG: Heartbeat received from server
2025-04-13 18:48:59,623 - DEBUG: Heartbeat received from server
2025-04-13 18:48:59,623 - DEBUG: Heartbeat received from server
2025-04-13 18:49:14,625 - DEBUG: Heartbeat received from server
2025-04-13 18:49:29,627 - DEBUG: Heartbeat received from server
2025-04-13 18:56:36,272 - INFO: Connected to server
2025-04-13 18:56:36,323 - INFO: Successful key exchange
2025-04-13 18:56:44,064 - DEBUG: Heartbeat received from server
2025-04-13 18:56:59,025 - DEBUG: Heartbeat received from server
2025-04-13 18:57:14,027 - DEBUG: Heartbeat received from server
2025-04-13 18:57:29,030 - DEBUG: Heartbeat received from server
2025-04-13 18:57:44,032 - DEBUG: Heartbeat received from server
2025-04-13 18:58:09,235 - INFO: Connected to server
2025-04-13 18:58:09,287 - INFO: Successful key exchange
2025-04-13 18:58:18,342 - DEBUG: Heartbeat received from server
2025-04-13 18:58:33,304 - DEBUG: Heartbeat received from server
2025-04-13 18:58:48,306 - DEBUG: Heartbeat received from server
2025-04-13 18:59:03,308 - DEBUG: Heartbeat received from server
2025-04-13 18:59:39,238 - INFO: Connected to server
2025-04-13 18:59:39,289 - INFO: Successful key exchange
2025-04-13 18:59:50,743 - DEBUG: Heartbeat received from server
2025-04-13 19:00:05,705 - DEBUG: Heartbeat received from server
2025-04-13 19:00:20,708 - DEBUG: Heartbeat received from server
2025-04-13 19:00:35,710 - DEBUG: Heartbeat received from server
2025-04-13 19:02:30,349 - INFO: Connected to server
2025-04-13 19:02:30,401 - INFO: Successful key exchange
2025-04-13 19:02:39,751 - DEBUG: Heartbeat received from server
2025-04-13 19:02:54,712 - DEBUG: Heartbeat received from server
2025-04-13 19:03:09,714 - DEBUG: Heartbeat received from server
2025-04-13 19:03:15,727 - ERROR: Connection error: [Errno 111] Connection refused
2025-04-13 19:03:59,729 - INFO: Connected to server
2025-04-13 19:03:59,780 - INFO: Successful key exchange
2025-04-13 19:04:08,993 - DEBUG: Heartbeat received from server
2025-04-13 19:04:23,953 - DEBUG: Heartbeat received from server
2025-04-13 19:04:38,955 - DEBUG: Heartbeat received from server
2025-04-13 19:04:53,956 - DEBUG: Heartbeat received from server
2025-04-13 19:05:08,958 - DEBUG: Heartbeat received from server
2025-04-13 19:05:23,960 - DEBUG: Heartbeat received from server
2025-04-13 19:05:38,961 - DEBUG: Heartbeat received from server
2025-04-13 19:05:53,963 - DEBUG: Heartbeat received from server
2025-04-13 19:06:08,965 - DEBUG: Heartbeat received from server
2025-04-13 19:06:23,967 - DEBUG: Heartbeat received from server
2025-04-13 19:06:38,969 - DEBUG: Heartbeat received from server
2025-04-13 19:06:53,972 - DEBUG: Heartbeat received from server
2025-04-13 19:07:08,974 - DEBUG: Heartbeat received from server
2025-04-13 19:07:23,976 - DEBUG: Heartbeat received from server
2025-04-13 19:07:38,978 - DEBUG: Heartbeat received from server
2025-04-13 19:07:53,980 - DEBUG: Heartbeat received from server
2025-04-13 19:08:08,982 - DEBUG: Heartbeat received from server
2025-04-13 19:08:23,985 - DEBUG: Heartbeat received from server
2025-04-13 19:08:38,988 - DEBUG: Heartbeat received from server
2025-04-13 19:08:53,990 - DEBUG: Heartbeat received from server
2025-04-13 19:09:08,992 - DEBUG: Heartbeat received from server
2025-04-13 19:09:39,882 - INFO: Connected to server
2025-04-13 19:09:39,931 - INFO: Successful key exchange
2025-04-13 19:09:48,449 - DEBUG: Heartbeat received from server
2025-04-13 19:10:03,410 - DEBUG: Heartbeat received from server
2025-04-13 19:10:18,413 - DEBUG: Heartbeat received from server
2025-04-13 19:10:33,415 - DEBUG: Heartbeat received from server
2025-04-13 19:10:44,015 - ERROR: Connection error: [Errno 111] Connection refused
2025-04-13 19:11:43,144 - INFO: Connected to server
2025-04-13 19:11:43,193 - INFO: Successful key exchange
2025-04-13 19:11:52,164 - DEBUG: Heartbeat received from server
2025-04-13 19:12:07,125 - DEBUG: Heartbeat received from server
2025-04-13 19:12:19,898 - INFO: Connected to server
2025-04-13 19:12:19,951 - INFO: Successful key exchange
2025-04-13 19:12:29,900 - DEBUG: Heartbeat received from server
2025-04-13 19:12:44,862 - DEBUG: Heartbeat received from server
2025-04-13 19:12:59,864 - DEBUG: Heartbeat received from server
2025-04-13 19:13:12,088 - ERROR: Connection error: [Errno 111] Connection refused
2025-04-13 19:13:24,460 - INFO: Connected to server
2025-04-13 19:13:24,511 - INFO: Successful key exchange
2025-04-13 19:13:35,016 - DEBUG: Heartbeat received from server
2025-04-13 19:13:49,978 - DEBUG: Heartbeat received from server
2025-04-13 19:14:04,980 - DEBUG: Heartbeat received from server
2025-04-13 19:14:19,982 - DEBUG: Heartbeat received from server
2025-04-13 19:14:28,109 - ERROR: Connection error: [Errno 111] Connection refused
2025-04-13 19:14:42,493 - INFO: Connected to server
2025-04-13 19:14:42,540 - INFO: Successful key exchange
2025-04-13 19:14:52,654 - DEBUG: Heartbeat received from server
2025-04-13 19:15:07,615 - DEBUG: Heartbeat received from server
2025-04-13 19:15:22,618 - DEBUG: Heartbeat received from server
2025-04-13 19:15:37,620 - DEBUG: Heartbeat received from server
2025-04-13 19:15:52,623 - DEBUG: Heartbeat received from server
2025-04-13 19:16:07,625 - DEBUG: Heartbeat received from server
2025-04-13 19:16:22,626 - DEBUG: Heartbeat received from server
2025-04-13 19:16:37,629 - DEBUG: Heartbeat received from server
2025-04-13 19:16:52,631 - DEBUG: Heartbeat received from server
2025-04-13 19:17:07,633 - DEBUG: Heartbeat received from server
2025-04-13 19:17:22,636 - DEBUG: Heartbeat received from server
2025-04-13 19:17:37,638 - DEBUG: Heartbeat received from server
2025-04-13 19:17:52,640 - DEBUG: Heartbeat received from server
2025-04-13 19:18:07,643 - DEBUG: Heartbeat received from server
2025-04-13 19:18:22,645 - DEBUG: Heartbeat received from server
2025-04-13 19:18:37,647 - DEBUG: Heartbeat received from server
2025-04-13 19:18:52,649 - DEBUG: Heartbeat received from server
2025-04-13 19:19:07,651 - DEBUG: Heartbeat received from server
2025-04-13 19:19:22,653 - DEBUG: Heartbeat received from server
2025-04-13 19:19:37,655 - DEBUG: Heartbeat received from server
2025-04-13 19:19:52,657 - DEBUG: Heartbeat received from server
2025-04-13 19:20:07,660 - DEBUG: Heartbeat received from server
2025-04-13 19:20:22,662 - DEBUG: Heartbeat received from server
2025-04-13 19:20:37,665 - DEBUG: Heartbeat received from server
2025-04-13 19:20:52,667 - DEBUG: Heartbeat received from server
2025-04-13 19:21:07,669 - DEBUG: Heartbeat received from server
2025-04-13 19:21:22,672 - DEBUG: Heartbeat received from server
2025-04-13 19:21:37,674 - DEBUG: Heartbeat received from server
2025-04-13 19:21:52,676 - DEBUG: Heartbeat received from server
2025-04-13 19:22:07,678 - DEBUG: Heartbeat received from server
2025-04-13 19:22:22,680 - DEBUG: Heartbeat received from server
2025-04-13 19:22:37,683 - DEBUG: Heartbeat received from server
2025-04-13 19:22:52,684 - DEBUG: Heartbeat received from server
2025-04-13 19:23:07,687 - DEBUG: Heartbeat received from server
2025-04-13 19:23:22,688 - DEBUG: Heartbeat received from server
2025-04-13 19:23:37,690 - DEBUG: Heartbeat received from server
2025-04-13 19:23:52,691 - DEBUG: Heartbeat received from server
2025-04-13 19:24:07,694 - DEBUG: Heartbeat received from server
2025-04-13 19:24:22,696 - DEBUG: Heartbeat received from server
2025-04-13 19:24:37,698 - DEBUG: Heartbeat received from server
2025-04-13 19:24:52,700 - DEBUG: Heartbeat received from server
2025-04-13 19:25:07,702 - DEBUG: Heartbeat received from server
2025-04-13 19:25:22,704 - DEBUG: Heartbeat received from server
2025-04-18 17:29:02,141 - INFO: Connected to server
2025-04-18 17:29:02,194 - INFO: Successful key exchange
2025-04-18 17:29:15,419 - DEBUG: Heartbeat received from server
2025-04-18 17:29:30,461 - DEBUG: Heartbeat received from server
2025-04-18 17:29:45,422 - DEBUG: Heartbeat received from server
2025-04-18 17:30:00,424 - DEBUG: Heartbeat received from server
2025-04-18 17:30:15,427 - DEBUG: Heartbeat received from server
2025-04-18 17:30:30,469 - DEBUG: Heartbeat received from server
2025-04-18 17:30:45,432 - DEBUG: Heartbeat received from server
2025-04-18 17:31:00,434 - DEBUG: Heartbeat received from server
2025-04-18 17:31:15,436 - DEBUG: Heartbeat received from server
2025-04-18 17:31:30,479 - DEBUG: Heartbeat received from server
2025-04-18 17:31:45,441 - DEBUG: Heartbeat received from server
2025-04-18 17:31:51,697 - ERROR: Connection error: [Errno 111] Connection refused
